<?xml version="1.0" encoding="UTF-8"?>
<testsuite name="edu.uoc.pac2.PAC2Task1Test" tests="1" skipped="0" failures="0" errors="0" timestamp="2022-10-20T08:12:50" hostname="VIVOBOOK_UGE" time="0.017">
  <properties/>
  <testcase name="testAdd()" classname="edu.uoc.pac2.PAC2Task1Test" time="0.017"/>
  <system-out><![CDATA[]]></system-out>
  <system-err><![CDATA[]]></system-err>
</testsuite>
